This is pdfTeX, Version 3.14159265-2.6-1.40.21 (TeX Live 2020/Debian) (preloaded format=pdflatex 2021.4.15)  16 AUG 2021 22:38
entering extended mode
 restricted \write18 enabled.
 %&-line parsing enabled.
**preparation.tex
(./preparation.tex
LaTeX2e <2020-10-01> patch level 4
L3 programming layer <2021-01-09> xparse <2020-03-03>
(/usr/share/texlive/texmf-dist/tex/latex/base/article.cls
Document Class: article 2020/04/10 v1.4m Standard LaTeX document class
(/usr/share/texlive/texmf-dist/tex/latex/base/size10.clo
File: size10.clo 2020/04/10 v1.4m Standard LaTeX file (size option)
)
\c@part=\count177
\c@section=\count178
\c@subsection=\count179
\c@subsubsection=\count180
\c@paragraph=\count181
\c@subparagraph=\count182
\c@figure=\count183
\c@table=\count184
\abovecaptionskip=\skip47
\belowcaptionskip=\skip48
\bibindent=\dimen138
)
(/usr/share/texlive/texmf-dist/tex/latex/base/inputenc.sty
Package: inputenc 2020/08/01 v1.3d Input encoding file
\inpenc@prehook=\toks15
\inpenc@posthook=\toks16
)
(/usr/share/texlive/texmf-dist/tex/latex/tools/array.sty
Package: array 2020/10/01 v2.5c Tabular extension package (FMi)
\col@sep=\dimen139
\ar@mcellbox=\box47
\extrarowheight=\dimen140
\NC@list=\toks17
\extratabsurround=\skip49
\backup@length=\skip50
\ar@cellbox=\box48
)
(./newcommand_icones.tex
(/usr/share/texlive/texmf-dist/tex/latex/graphics/graphicx.sty
Package: graphicx 2020/09/09 v1.2b Enhanced LaTeX Graphics (DPC,SPQR)

(/usr/share/texlive/texmf-dist/tex/latex/graphics/keyval.sty
Package: keyval 2014/10/28 v1.15 key=value parser (DPC)
\KV@toks@=\toks18
)
(/usr/share/texlive/texmf-dist/tex/latex/graphics/graphics.sty
Package: graphics 2020/08/30 v1.4c Standard LaTeX Graphics (DPC,SPQR)

(/usr/share/texlive/texmf-dist/tex/latex/graphics/trig.sty
Package: trig 2016/01/03 v1.10 sin cos tan (DPC)
)
(/usr/share/texlive/texmf-dist/tex/latex/graphics-cfg/graphics.cfg
File: graphics.cfg 2016/06/04 v1.11 sample graphics configuration
)
Package graphics Info: Driver file: pdftex.def on input line 105.

(/usr/share/texlive/texmf-dist/tex/latex/graphics-def/pdftex.def
File: pdftex.def 2020/10/05 v1.2a Graphics/color driver for pdftex
))
\Gin@req@height=\dimen141
\Gin@req@width=\dimen142
))
(/usr/share/texlive/texmf-dist/tex/latex/l3backend/l3backend-pdftex.def
File: l3backend-pdftex.def 2020-01-29 L3 backend support: PDF output (pdfTeX)
\l__color_backend_stack_int=\count185
\l__pdf_internal_box=\box49
)
(./preparation.aux)
\openout1 = `preparation.aux'.

LaTeX Font Info:    Checking defaults for OML/cmm/m/it on input line 13.
LaTeX Font Info:    ... okay on input line 13.
LaTeX Font Info:    Checking defaults for OMS/cmsy/m/n on input line 13.
LaTeX Font Info:    ... okay on input line 13.
LaTeX Font Info:    Checking defaults for OT1/cmr/m/n on input line 13.
LaTeX Font Info:    ... okay on input line 13.
LaTeX Font Info:    Checking defaults for T1/cmr/m/n on input line 13.
LaTeX Font Info:    ... okay on input line 13.
LaTeX Font Info:    Checking defaults for TS1/cmr/m/n on input line 13.
LaTeX Font Info:    ... okay on input line 13.
LaTeX Font Info:    Checking defaults for OMX/cmex/m/n on input line 13.
LaTeX Font Info:    ... okay on input line 13.
LaTeX Font Info:    Checking defaults for U/cmr/m/n on input line 13.
LaTeX Font Info:    ... okay on input line 13.

(/usr/share/texlive/texmf-dist/tex/context/base/mkii/supp-pdf.mkii
[Loading MPS to PDF converter (version 2006.09.02).]
\scratchcounter=\count186
\scratchdimen=\dimen143
\scratchbox=\box50
\nofMPsegments=\count187
\nofMParguments=\count188
\everyMPshowfont=\toks19
\MPscratchCnt=\count189
\MPscratchDim=\dimen144
\MPnumerator=\count190
\makeMPintoPDFobject=\count191
\everyMPtoPDFconversion=\toks20
) (/usr/share/texlive/texmf-dist/tex/latex/epstopdf-pkg/epstopdf-base.sty
Package: epstopdf-base 2020-01-24 v2.11 Base part for package epstopdf
Package epstopdf-base Info: Redefining graphics rule for `.eps' on input line 4
85.

(/usr/share/texlive/texmf-dist/tex/latex/latexconfig/epstopdf-sys.cfg
File: epstopdf-sys.cfg 2010/07/13 v1.3 Configuration of (r)epstopdf for TeX Liv
e
))
LaTeX Font Info:    External font `cmex10' loaded for size
(Font)              <7> on input line 17.
LaTeX Font Info:    External font `cmex10' loaded for size
(Font)              <5> on input line 17.
LaTeX Font Info:    Trying to load font information for OMS+cmr on input line 1
9.

(/usr/share/texlive/texmf-dist/tex/latex/base/omscmr.fd
File: omscmr.fd 2019/12/16 v2.5j Standard LaTeX font definitions
)
LaTeX Font Info:    Font shape `OMS/cmr/m/n' in size <10> not available
(Font)              Font shape `OMS/cmsy/m/n' tried instead on input line 19.
<./images//illustration_preparation.png, id=1, 108.94975pt x 108.94975pt>
File: ./images//illustration_preparation.png Graphic file (type png)
<use ./images//illustration_preparation.png>
Package pdftex.def Info: ./images//illustration_preparation.png  used on input 
line 21.
(pdftex.def)             Requested size: 99.58829pt x 85.36115pt.
File: ./images//illustration_preparation.png Graphic file (type png)
<use ./images//illustration_preparation.png>
Package pdftex.def Info: ./images//illustration_preparation.png  used on input 
line 21.
(pdftex.def)             Requested size: 99.58829pt x 85.36115pt.
<material-design-icons/png/action/pets/materialicons/24dp/2x/baseline_pets_blac
k_24dp.png, id=3, 48.18pt x 48.18pt>
File: material-design-icons/png/action/pets/materialicons/24dp/2x/baseline_pets
_black_24dp.png Graphic file (type png)
<use material-design-icons/png/action/pets/materialicons/24dp/2x/baseline_pets_
black_24dp.png>
Package pdftex.def Info: material-design-icons/png/action/pets/materialicons/24
dp/2x/baseline_pets_black_24dp.png  used on input line 25.
(pdftex.def)             Requested size: 28.4524pt x 28.4524pt.
<images/icones/vide_black_24dp.png, id=4, 66.2475pt x 66.2475pt>
File: images/icones/vide_black_24dp.png Graphic file (type png)
<use images/icones/vide_black_24dp.png>
Package pdftex.def Info: images/icones/vide_black_24dp.png  used on input line 
25.
(pdftex.def)             Requested size: 28.4525pt x 28.4525pt.
File: material-design-icons/png/action/pets/materialicons/24dp/2x/baseline_pets
_black_24dp.png Graphic file (type png)
<use material-design-icons/png/action/pets/materialicons/24dp/2x/baseline_pets_
black_24dp.png>
Package pdftex.def Info: material-design-icons/png/action/pets/materialicons/24
dp/2x/baseline_pets_black_24dp.png  used on input line 25.
(pdftex.def)             Requested size: 28.4524pt x 28.4524pt.
File: material-design-icons/png/action/pets/materialicons/24dp/2x/baseline_pets
_black_24dp.png Graphic file (type png)
<use material-design-icons/png/action/pets/materialicons/24dp/2x/baseline_pets_
black_24dp.png>
Package pdftex.def Info: material-design-icons/png/action/pets/materialicons/24
dp/2x/baseline_pets_black_24dp.png  used on input line 25.
(pdftex.def)             Requested size: 28.4524pt x 28.4524pt.
<material-design-icons/png/maps/restaurant/materialicons/24dp/2x/baseline_resta
urant_black_24dp.png, id=5, 48.18pt x 48.18pt>
File: material-design-icons/png/maps/restaurant/materialicons/24dp/2x/baseline_
restaurant_black_24dp.png Graphic file (type png)
<use material-design-icons/png/maps/restaurant/materialicons/24dp/2x/baseline_r
estaurant_black_24dp.png>
Package pdftex.def Info: material-design-icons/png/maps/restaurant/materialicon
s/24dp/2x/baseline_restaurant_black_24dp.png  used on input line 25.
(pdftex.def)             Requested size: 28.4524pt x 28.4524pt.
File: images/icones/vide_black_24dp.png Graphic file (type png)
<use images/icones/vide_black_24dp.png>
Package pdftex.def Info: images/icones/vide_black_24dp.png  used on input line 
25.
(pdftex.def)             Requested size: 28.4525pt x 28.4525pt.
File: ./images//illustration_preparation.png Graphic file (type png)
<use ./images//illustration_preparation.png>
Package pdftex.def Info: ./images//illustration_preparation.png  used on input 
line 30.
(pdftex.def)             Requested size: 99.58829pt x 85.36115pt.
File: ./images//illustration_preparation.png Graphic file (type png)
<use ./images//illustration_preparation.png>
Package pdftex.def Info: ./images//illustration_preparation.png  used on input 
line 30.
(pdftex.def)             Requested size: 99.58829pt x 85.36115pt.
File: material-design-icons/png/action/pets/materialicons/24dp/2x/baseline_pets
_black_24dp.png Graphic file (type png)
<use material-design-icons/png/action/pets/materialicons/24dp/2x/baseline_pets_
black_24dp.png>
Package pdftex.def Info: material-design-icons/png/action/pets/materialicons/24
dp/2x/baseline_pets_black_24dp.png  used on input line 34.
(pdftex.def)             Requested size: 28.4524pt x 28.4524pt.
File: material-design-icons/png/maps/restaurant/materialicons/24dp/2x/baseline_
restaurant_black_24dp.png Graphic file (type png)
<use material-design-icons/png/maps/restaurant/materialicons/24dp/2x/baseline_r
estaurant_black_24dp.png>
Package pdftex.def Info: material-design-icons/png/maps/restaurant/materialicon
s/24dp/2x/baseline_restaurant_black_24dp.png  used on input line 34.
(pdftex.def)             Requested size: 28.4524pt x 28.4524pt.
<material-design-icons/png/action/shopping_cart/materialicons/24dp/2x/baseline_
shopping_cart_black_24dp.png, id=6, 48.18pt x 48.18pt>
File: material-design-icons/png/action/shopping_cart/materialicons/24dp/2x/base
line_shopping_cart_black_24dp.png Graphic file (type png)
<use material-design-icons/png/action/shopping_cart/materialicons/24dp/2x/basel
ine_shopping_cart_black_24dp.png>
Package pdftex.def Info: material-design-icons/png/action/shopping_cart/materia
licons/24dp/2x/baseline_shopping_cart_black_24dp.png  used on input line 34.
(pdftex.def)             Requested size: 28.4524pt x 28.4524pt.
File: material-design-icons/png/maps/restaurant/materialicons/24dp/2x/baseline_
restaurant_black_24dp.png Graphic file (type png)
<use material-design-icons/png/maps/restaurant/materialicons/24dp/2x/baseline_r
estaurant_black_24dp.png>
Package pdftex.def Info: material-design-icons/png/maps/restaurant/materialicon
s/24dp/2x/baseline_restaurant_black_24dp.png  used on input line 34.
(pdftex.def)             Requested size: 28.4524pt x 28.4524pt.
File: ./images//illustration_preparation.png Graphic file (type png)
<use ./images//illustration_preparation.png>
Package pdftex.def Info: ./images//illustration_preparation.png  used on input 
line 39.
(pdftex.def)             Requested size: 99.58829pt x 85.36115pt.
File: material-design-icons/png/maps/restaurant/materialicons/24dp/2x/baseline_
restaurant_black_24dp.png Graphic file (type png)
<use material-design-icons/png/maps/restaurant/materialicons/24dp/2x/baseline_r
estaurant_black_24dp.png>
Package pdftex.def Info: material-design-icons/png/maps/restaurant/materialicon
s/24dp/2x/baseline_restaurant_black_24dp.png  used on input line 39.
(pdftex.def)             Requested size: 28.4524pt x 28.4524pt.
File: material-design-icons/png/maps/restaurant/materialicons/24dp/2x/baseline_
restaurant_black_24dp.png Graphic file (type png)
<use material-design-icons/png/maps/restaurant/materialicons/24dp/2x/baseline_r
estaurant_black_24dp.png>
Package pdftex.def Info: material-design-icons/png/maps/restaurant/materialicon
s/24dp/2x/baseline_restaurant_black_24dp.png  used on input line 39.
(pdftex.def)             Requested size: 28.4524pt x 28.4524pt.
File: ./images//illustration_preparation.png Graphic file (type png)
<use ./images//illustration_preparation.png>
Package pdftex.def Info: ./images//illustration_preparation.png  used on input 
line 39.
(pdftex.def)             Requested size: 99.58829pt x 85.36115pt.
File: material-design-icons/png/maps/restaurant/materialicons/24dp/2x/baseline_
restaurant_black_24dp.png Graphic file (type png)
<use material-design-icons/png/maps/restaurant/materialicons/24dp/2x/baseline_r
estaurant_black_24dp.png>
Package pdftex.def Info: material-design-icons/png/maps/restaurant/materialicon
s/24dp/2x/baseline_restaurant_black_24dp.png  used on input line 41.
(pdftex.def)             Requested size: 28.4524pt x 28.4524pt.
<material-design-icons/png/action/explore/materialicons/24dp/2x/baseline_explor
e_black_24dp.png, id=7, 48.18pt x 48.18pt>
File: material-design-icons/png/action/explore/materialicons/24dp/2x/baseline_e
xplore_black_24dp.png Graphic file (type png)
<use material-design-icons/png/action/explore/materialicons/24dp/2x/baseline_ex
plore_black_24dp.png>
Package pdftex.def Info: material-design-icons/png/action/explore/materialicons
/24dp/2x/baseline_explore_black_24dp.png  used on input line 41.
(pdftex.def)             Requested size: 28.4524pt x 28.4524pt.
<images/icones/capitaine.png, id=8, 48.18pt x 48.18pt>
File: images/icones/capitaine.png Graphic file (type png)
<use images/icones/capitaine.png>
Package pdftex.def Info: images/icones/capitaine.png  used on input line 43.
(pdftex.def)             Requested size: 28.4524pt x 28.4524pt.
<material-design-icons//png/maps/directions_boat/materialiconsround/24dp/2x/rou
nd_directions_boat_black_24dp.png, id=9, 48.18pt x 48.18pt>
File: material-design-icons//png/maps/directions_boat/materialiconsround/24dp/2
x/round_directions_boat_black_24dp.png Graphic file (type png)
<use material-design-icons//png/maps/directions_boat/materialiconsround/24dp/2x
/round_directions_boat_black_24dp.png>
Package pdftex.def Info: material-design-icons//png/maps/directions_boat/materi
aliconsround/24dp/2x/round_directions_boat_black_24dp.png  used on input line 4
3.
(pdftex.def)             Requested size: 28.4524pt x 28.4524pt.

Overfull \hbox (39.98634pt too wide) in paragraph at lines 17--47
 [] 
 []


LaTeX Warning: Float too large for page by 42.63779pt on input line 48.

File: images/icones/vide_black_24dp.png Graphic file (type png)
<use images/icones/vide_black_24dp.png>
Package pdftex.def Info: images/icones/vide_black_24dp.png  used on input line 
56.
(pdftex.def)             Requested size: 28.4525pt x 28.4525pt.
File: ./images//illustration_preparation.png Graphic file (type png)
<use ./images//illustration_preparation.png>
Package pdftex.def Info: ./images//illustration_preparation.png  used on input 
line 57.
(pdftex.def)             Requested size: 99.58829pt x 85.36115pt.
File: ./images//illustration_preparation.png Graphic file (type png)
<use ./images//illustration_preparation.png>
Package pdftex.def Info: ./images//illustration_preparation.png  used on input 
line 57.
(pdftex.def)             Requested size: 99.58829pt x 85.36115pt.
<material-design-icons/png/hardware/security/materialicons/24dp/2x/baseline_sec
urity_black_24dp.png, id=10, 48.18pt x 48.18pt>
File: material-design-icons/png/hardware/security/materialicons/24dp/2x/baselin
e_security_black_24dp.png Graphic file (type png)
<use material-design-icons/png/hardware/security/materialicons/24dp/2x/baseline
_security_black_24dp.png>
Package pdftex.def Info: material-design-icons/png/hardware/security/materialic
ons/24dp/2x/baseline_security_black_24dp.png  used on input line 61.
(pdftex.def)             Requested size: 28.4524pt x 28.4524pt.
<images/icones/ou_black_24dp.png, id=11, 66.2475pt x 66.2475pt>
File: images/icones/ou_black_24dp.png Graphic file (type png)
<use images/icones/ou_black_24dp.png>
Package pdftex.def Info: images/icones/ou_black_24dp.png  used on input line 61
.
(pdftex.def)             Requested size: 28.4525pt x 28.4525pt.
<images/icones/beanie.png, id=12, 453.695pt x 453.695pt>
File: images/icones/beanie.png Graphic file (type png)
<use images/icones/beanie.png>
Package pdftex.def Info: images/icones/beanie.png  used on input line 61.
(pdftex.def)             Requested size: 28.44586pt x 28.44586pt.
File: material-design-icons/png/action/pets/materialicons/24dp/2x/baseline_pets
_black_24dp.png Graphic file (type png)
<use material-design-icons/png/action/pets/materialicons/24dp/2x/baseline_pets_
black_24dp.png>
Package pdftex.def Info: material-design-icons/png/action/pets/materialicons/24
dp/2x/baseline_pets_black_24dp.png  used on input line 61.
(pdftex.def)             Requested size: 28.4524pt x 28.4524pt.
File: material-design-icons/png/maps/restaurant/materialicons/24dp/2x/baseline_
restaurant_black_24dp.png Graphic file (type png)
<use material-design-icons/png/maps/restaurant/materialicons/24dp/2x/baseline_r
estaurant_black_24dp.png>
Package pdftex.def Info: material-design-icons/png/maps/restaurant/materialicon
s/24dp/2x/baseline_restaurant_black_24dp.png  used on input line 61.
(pdftex.def)             Requested size: 28.4524pt x 28.4524pt.
File: images/icones/vide_black_24dp.png Graphic file (type png)
<use images/icones/vide_black_24dp.png>
Package pdftex.def Info: images/icones/vide_black_24dp.png  used on input line 
61.
(pdftex.def)             Requested size: 28.4525pt x 28.4525pt.
File: ./images//illustration_preparation.png Graphic file (type png)
<use ./images//illustration_preparation.png>
Package pdftex.def Info: ./images//illustration_preparation.png  used on input 
line 66.
(pdftex.def)             Requested size: 99.58829pt x 85.36115pt.
File: ./images//illustration_preparation.png Graphic file (type png)
<use ./images//illustration_preparation.png>
Package pdftex.def Info: ./images//illustration_preparation.png  used on input 
line 66.
(pdftex.def)             Requested size: 99.58829pt x 85.36115pt.
File: material-design-icons/png/action/pets/materialicons/24dp/2x/baseline_pets
_black_24dp.png Graphic file (type png)
<use material-design-icons/png/action/pets/materialicons/24dp/2x/baseline_pets_
black_24dp.png>
Package pdftex.def Info: material-design-icons/png/action/pets/materialicons/24
dp/2x/baseline_pets_black_24dp.png  used on input line 70.
(pdftex.def)             Requested size: 28.4524pt x 28.4524pt.
File: material-design-icons/png/maps/restaurant/materialicons/24dp/2x/baseline_
restaurant_black_24dp.png Graphic file (type png)
<use material-design-icons/png/maps/restaurant/materialicons/24dp/2x/baseline_r
estaurant_black_24dp.png>
Package pdftex.def Info: material-design-icons/png/maps/restaurant/materialicon
s/24dp/2x/baseline_restaurant_black_24dp.png  used on input line 70.
(pdftex.def)             Requested size: 28.4524pt x 28.4524pt.
File: material-design-icons/png/action/shopping_cart/materialicons/24dp/2x/base
line_shopping_cart_black_24dp.png Graphic file (type png)
<use material-design-icons/png/action/shopping_cart/materialicons/24dp/2x/basel
ine_shopping_cart_black_24dp.png>
Package pdftex.def Info: material-design-icons/png/action/shopping_cart/materia
licons/24dp/2x/baseline_shopping_cart_black_24dp.png  used on input line 70.
(pdftex.def)             Requested size: 28.4524pt x 28.4524pt.
File: material-design-icons/png/maps/restaurant/materialicons/24dp/2x/baseline_
restaurant_black_24dp.png Graphic file (type png)
<use material-design-icons/png/maps/restaurant/materialicons/24dp/2x/baseline_r
estaurant_black_24dp.png>
Package pdftex.def Info: material-design-icons/png/maps/restaurant/materialicon
s/24dp/2x/baseline_restaurant_black_24dp.png  used on input line 70.
(pdftex.def)             Requested size: 28.4524pt x 28.4524pt.
<material-design-icons/png/places/backpack/materialicons/24dp/2x/baseline_backp
ack_black_24dp.png, id=13, 48.18pt x 48.18pt>
File: material-design-icons/png/places/backpack/materialicons/24dp/2x/baseline_
backpack_black_24dp.png Graphic file (type png)
<use material-design-icons/png/places/backpack/materialicons/24dp/2x/baseline_b
ackpack_black_24dp.png>
Package pdftex.def Info: material-design-icons/png/places/backpack/materialicon
s/24dp/2x/baseline_backpack_black_24dp.png  used on input line 75.
(pdftex.def)             Requested size: 28.4524pt x 28.4524pt.
File: ./images//illustration_preparation.png Graphic file (type png)
<use ./images//illustration_preparation.png>
Package pdftex.def Info: ./images//illustration_preparation.png  used on input 
line 75.
(pdftex.def)             Requested size: 99.58829pt x 85.36115pt.
File: material-design-icons/png/maps/restaurant/materialicons/24dp/2x/baseline_
restaurant_black_24dp.png Graphic file (type png)
<use material-design-icons/png/maps/restaurant/materialicons/24dp/2x/baseline_r
estaurant_black_24dp.png>
Package pdftex.def Info: material-design-icons/png/maps/restaurant/materialicon
s/24dp/2x/baseline_restaurant_black_24dp.png  used on input line 75.
(pdftex.def)             Requested size: 28.4524pt x 28.4524pt.
File: ./images//illustration_preparation.png Graphic file (type png)
<use ./images//illustration_preparation.png>
Package pdftex.def Info: ./images//illustration_preparation.png  used on input 
line 75.
(pdftex.def)             Requested size: 99.58829pt x 85.36115pt.
File: material-design-icons/png/maps/restaurant/materialicons/24dp/2x/baseline_
restaurant_black_24dp.png Graphic file (type png)
<use material-design-icons/png/maps/restaurant/materialicons/24dp/2x/baseline_r
estaurant_black_24dp.png>
Package pdftex.def Info: material-design-icons/png/maps/restaurant/materialicon
s/24dp/2x/baseline_restaurant_black_24dp.png  used on input line 77.
(pdftex.def)             Requested size: 28.4524pt x 28.4524pt.
File: images/icones/capitaine.png Graphic file (type png)
<use images/icones/capitaine.png>
Package pdftex.def Info: images/icones/capitaine.png  used on input line 79.
(pdftex.def)             Requested size: 28.4524pt x 28.4524pt.
<material-design-icons/png/social/person/materialicons/24dp/2x/baseline_person_
black_24dp.png, id=14, 48.18pt x 48.18pt>
File: material-design-icons/png/social/person/materialicons/24dp/2x/baseline_pe
rson_black_24dp.png Graphic file (type png)
<use material-design-icons/png/social/person/materialicons/24dp/2x/baseline_per
son_black_24dp.png>
Package pdftex.def Info: material-design-icons/png/social/person/materialicons/
24dp/2x/baseline_person_black_24dp.png  used on input line 79.
(pdftex.def)             Requested size: 28.4524pt x 28.4524pt.

Overfull \hbox (39.98645pt too wide) in paragraph at lines 53--83
 [] 
 []


LaTeX Warning: Float too large for page by 63.65147pt on input line 84.

[1{/var/lib/texmf/fonts/map/pdftex/updmap/pdftex.map} <./images//illustration_p
reparation.png> <./material-design-icons/png/action/pets/materialicons/24dp/2x/
baseline_pets_black_24dp.png> <./images/icones/vide_black_24dp.png> <./material
-design-icons/png/maps/restaurant/materialicons/24dp/2x/baseline_restaurant_bla
ck_24dp.png> <./material-design-icons/png/action/shopping_cart/materialicons/24
dp/2x/baseline_shopping_cart_black_24dp.png> <./material-design-icons/png/actio
n/explore/materialicons/24dp/2x/baseline_explore_black_24dp.png> <./images/icon
es/capitaine.png> <./material-design-icons//png/maps/directions_boat/materialic
onsround/24dp/2x/round_directions_boat_black_24dp.png>] [2 <./material-design-i
cons/png/hardware/security/materialicons/24dp/2x/baseline_security_black_24dp.p
ng> <./images/icones/ou_black_24dp.png> <./images/icones/beanie.png> <./materia
l-design-icons/png/places/backpack/materialicons/24dp/2x/baseline_backpack_blac
k_24dp.png> <./material-design-icons/png/social/person/materialicons/24dp/2x/ba
seline_person_black_24dp.png>] (./preparation.aux) ) 
Here is how much of TeX's memory you used:
 1404 strings out of 481252
 25948 string characters out of 5915888
 314577 words of memory out of 5000000
 18355 multiletter control sequences out of 15000+600000
 403738 words of font info for 28 fonts, out of 8000000 for 9000
 14 hyphenation exceptions out of 8191
 73i,11n,77p,260b,339s stack positions out of 5000i,500n,10000p,200000b,80000s
</usr/share/texlive/texmf-d
ist/fonts/type1/public/amsfonts/cm/cmbx10.pfb></usr/share/texlive/texmf-dist/fo
nts/type1/public/amsfonts/cm/cmr10.pfb></usr/share/texlive/texmf-dist/fonts/typ
e1/public/amsfonts/cm/cmsy10.pfb>
Output written on preparation.pdf (2 pages, 138917 bytes).
PDF statistics:
 50 PDF objects out of 1000 (max. 8388607)
 16 compressed objects within 1 object stream
 0 named destinations out of 1000 (max. 500000)
 66 words of extra memory for PDF output out of 10000 (max. 10000000)

